<?xml version="1.0" encoding="UTF-8"?>
<testng-results ignored="0" total="2" passed="2" failed="0" skipped="0">
  <reporter-output>
  </reporter-output>
  <suite started-at="2024-12-19T23:11:49 IST" name="Default suite" finished-at="2024-12-19T23:12:39 IST" duration-ms="49941">
    <groups>
    </groups>
    <test started-at="2024-12-19T23:11:49 IST" name="Default test" finished-at="2024-12-19T23:12:39 IST" duration-ms="49941">
      <class name="testScripts.Script_06_FinalCartStep">
        <test-method is-config="true" signature="launchApp()[pri:0, instance:testScripts.Script_06_FinalCartStep@71def8f8]" started-at="2024-12-19T23:11:50 IST" name="launchApp" finished-at="2024-12-19T23:12:01 IST" duration-ms="11392" status="PASS">
          <reporter-output>
          </reporter-output>
        </test-method> <!-- launchApp -->
        <test-method signature="addToCart()[pri:0, instance:testScripts.Script_06_FinalCartStep@71def8f8]" started-at="2024-12-19T23:12:01 IST" name="addToCart" finished-at="2024-12-19T23:12:32 IST" duration-ms="30882" status="PASS">
          <reporter-output>
          </reporter-output>
        </test-method> <!-- addToCart -->
        <test-method signature="finalCartStep()[pri:1, instance:testScripts.Script_06_FinalCartStep@71def8f8]" started-at="2024-12-19T23:12:32 IST" name="finalCartStep" finished-at="2024-12-19T23:12:39 IST" duration-ms="7574" status="PASS">
          <reporter-output>
          </reporter-output>
        </test-method> <!-- finalCartStep -->
      </class> <!-- testScripts.Script_06_FinalCartStep -->
    </test> <!-- Default test -->
  </suite> <!-- Default suite -->
</testng-results>
